
 *******************************************************************************

         NASA-GLENN CHEMICAL EQUILIBRIUM PROGRAM CEA2, MAY 21, 2004
                   BY  BONNIE MCBRIDE AND SANFORD GORDON
      REFS: NASA RP-1311, PART I, 1994 AND NASA RP-1311, PART II, 1996

 *******************************************************************************



 prob
 	case=Pc_01.00__of_01.00.inp rocket equilibrium tcest,k=3800 p,bar=10.0 sup,ae/a
 t=3.0
 react
 	name=O2 wt=36.0 t,k=280.0
 	name=N2O wt=9.0 t,k=280.0
 	name=PMMA wt=4.5 t,k=280.0 h,kj/mol=-468.5 C 5 H 8 O 2
 	name=PE wt=40.5 t,k=280.0 h,kj/mol=-54.2 C 2 H 4
 	name=N2 wt=10.0 t,k=300.0
 output	transport
 end

 OPTIONS: TP=F  HP=F  SP=F  TV=F  UV=F  SV=F  DETN=F  SHOCK=F  REFL=F  INCD=F
 RKT=T  FROZ=F  EQL=T  IONS=F  SIUNIT=T  DEBUGF=F  SHKDBG=F  DETDBG=F  TRNSPT=T

 TRACE= 0.00E+00  S/R= 0.000000E+00  H/R= 0.000000E+00  U/R= 0.000000E+00

 Pc,BAR =    10.000000

 Pc/P =

 SUBSONIC AREA RATIOS =

 SUPERSONIC AREA RATIOS =     3.0000

 NFZ=  1  Mdot/Ac= 0.000000E+00  Ac/At= 0.000000E+00

    REACTANT          WT.FRAC   (ENERGY/R),K   TEMP,K  DENSITY
        EXPLODED FORMULA
 N: O2               0.360000  -0.640406E+02   280.00  0.0000
          O  2.00000
 N: N2O              0.090000   0.973076E+04   280.00  0.0000
          N  2.00000  O  1.00000
 N: PMMA             0.045000  -0.563473E+05   280.00  0.0000
          C  5.00000  H  8.00000  O  2.00000
 N: PE               0.405000  -0.651872E+04   280.00  0.0000
          C  2.00000  H  4.00000
 N: N2               0.100000   0.648034E+01   300.00  0.0000
          N  2.00000

  SPECIES BEING CONSIDERED IN THIS SYSTEM
 (CONDENSED PHASE MAY HAVE NAME LISTED SEVERAL TIMES)
  LAST thermo.inp UPDATE:    9/09/04

  g 7/97  *C               tpis79  *CH              g 4/02  CH2            
  g 4/02  CH3              g11/00  CH2OH            g 7/00  CH3O           
  g 8/99  CH4              g 7/00  CH3OH            srd 01  CH3OOH         
  g 8/99  *CN              g12/99  CNN              tpis79  *CO            
  g 9/99  *CO2             tpis91  COOH             tpis91  *C2            
  g 6/01  C2H              g 1/91  C2H2,acetylene   g 5/01  C2H2,vinylidene
  g 4/02  CH2CO,ketene     g 3/02  O(CH)2O          srd 01  HO(CO)2OH      
  g 7/01  C2H3,vinyl       g 9/00  CH3CN            g 6/96  CH3CO,acetyl   
  g 1/00  C2H4             g 8/88  C2H4O,ethylen-o  g 8/88  CH3CHO,ethanal 
  g 6/00  CH3COOH          srd 01  OHCH2COOH        g 7/00  C2H5           
  g 7/00  C2H6             g 8/88  CH3N2CH3         g 8/88  C2H5OH         
  g 7/00  CH3OCH3          srd 01  CH3O2CH3         g 7/00  CCN            
  tpis91  CNC              srd 01  OCCN             tpis79  C2N2           
  g 8/00  C2O              tpis79  *C3              n 4/98  C3H3,1-propynl 
  n 4/98  C3H3,2-propynl   g 2/00  C3H4,allene      g 1/00  C3H4,propyne   
  g 5/90  C3H4,cyclo-      g 3/01  C3H5,allyl       g 2/00  C3H6,propylene 
  g 1/00  C3H6,cyclo-      g 6/01  C3H6O,propylox   g 6/97  C3H6O,acetone  
  g 1/02  C3H6O,propanal   g 7/01  C3H7,n-propyl    g 9/85  C3H7,i-propyl  
  g 2/00  C3H8             g 2/00  C3H8O,1propanol  g 2/00  C3H8O,2propanol
  srd 01  CNCOCN           g 7/88  C3O2             g tpis  *C4            
  g 7/01  C4H2,butadiyne   g 8/00  C4H4,1,3-cyclo-  n10/92  C4H6,butadiene 
  n10/93  C4H6,1butyne     n10/93  C4H6,2butyne     g 8/00  C4H6,cyclo-    
  n 4/88  C4H8,1-butene    n 4/88  C4H8,cis2-buten  n 4/88  C4H8,tr2-butene
  n 4/88  C4H8,isobutene   g 8/00  C4H8,cyclo-      g10/00  (CH3COOH)2     
  n10/84  C4H9,n-butyl     n10/84  C4H9,i-butyl     g 1/93  C4H9,s-butyl   
  g 1/93  C4H9,t-butyl     g12/00  C4H10,n-butane   g 8/00  C4H10,isobutane
  g 6/01  C4N2             g 8/00  *C5              g 5/90  C5H6,1,3cyclo- 
  g 1/93  C5H8,cyclo-      n 4/87  C5H10,1-pentene  g 2/01  C5H10,cyclo-   
  n10/84  C5H11,pentyl     g 1/93  C5H11,t-pentyl   n10/85  C5H12,n-pentane
  n10/85  C5H12,i-pentane  n10/85  CH3C(CH3)2CH3    g 2/93  C6H2           
  g11/00  C6H5,phenyl      g 8/00  C6H5O,phenoxy    g 8/00  C6H6           
  g 8/00  C6H5OH,phenol    g 1/93  C6H10,cyclo-     n 4/87  C6H12,1-hexene 
  g 6/90  C6H12,cyclo-     n10/83  C6H13,n-hexyl    g 6/01  C6H14,n-hexane 
  g 7/01  C7H7,benzyl      g 1/93  C7H8             g12/00  C7H8O,cresol-mx
  n 4/87  C7H14,1-heptene  n10/83  C7H15,n-heptyl   n10/85  C7H16,n-heptane
  n10/85  C7H16,2-methylh  n 4/89  C8H8,styrene     n10/86  C8H10,ethylbenz
  n 4/87  C8H16,1-octene   n10/83  C8H17,n-octyl    n 4/85  C8H18,n-octane 
  n 4/85  C8H18,isooctane  n10/83  C9H19,n-nonyl    g 3/01  C10H8,naphthale
  n10/83  C10H21,n-decyl   g 8/00  C12H9,o-bipheny  g 8/00  C12H10,biphenyl
  g 6/97  *H               g 6/01  HCN              g 1/01  HCO            
  tpis89  HCCN             g 6/01  HCCO             g 6/01  HNC            
  g 7/00  HNCO             g10/01  HNO              tpis89  HNO2           
  g 5/99  HNO3             g 4/02  HO2              tpis78  *H2            
  g 5/01  HCHO,formaldehy  g 6/01  HCOOH            g 8/89  H2O            
  g 6/99  H2O2             g 6/01  (HCOOH)2         g 5/97  *N             
  g 6/01  NCO              g 4/99  *NH              g 3/01  NH2            
  tpis89  NH3              tpis89  NH2OH            tpis89  *NO            
  g 4/99  NO2              j12/64  NO3              tpis78  *N2            
  g 6/01  NCN              g 5/99  N2H2             tpis89  NH2NO2         
  g 4/99  N2H4             g 4/99  N2O              g 4/99  N2O3           
  tpis89  N2O4             g 4/99  N2O5             tpis89  N3             
  g 4/99  N3H              g 5/97  *O               g 4/02  *OH            
  tpis89  *O2              g 8/01  O3               n 4/83  C(gr)          
  n 4/83  C(gr)            n 4/83  C(gr)            g11/99  H2O(cr)        
  g 8/01  H2O(L)           g 8/01  H2O(L)         

 SPECIES WITH TRANSPORT PROPERTIES

        PURE SPECIES

  C                 CH4               CH3OH             CO              
  CO2               C2H2,acetylene  
  C2H4              C2H6              C2H5OH            C2N2            
  H                 HCN             
  H2                H2O               N                 NH3             
  NO                NO2             
  N2                N2O               N2O4              O               
  OH                O2              

     BINARY INTERACTIONS

     C               O               
     CH4             O2              
     CO              CO2             
     CO              N2              
     CO              O2              
     CO2             H2              
     CO2             H2O             
     CO2             N2              
     CO2             O2              
     H               H2              
     H               N               
     H               N2              
     H               O               
     H2              H2O             
     H2              N2              
     H2              O2              
     H2O             N2              
     H2O             O2              
     N               NO              
     N               N2              
     N               O               
     N               O2              
     NO              O               
     N2              O               
     N2              O2              
     O               O2              


 O/F =   0.000000

                       EFFECTIVE FUEL     EFFECTIVE OXIDANT        MIXTURE
 ENTHALPY                  h(2)/R              h(1)/R               h0/R
 (KG-MOL)(K)/KG       -0.10023627E+03      0.00000000E+00     -0.10023627E+03

 KG-FORM.WT./KG             bi(2)               bi(1)               b0i
  *O                   0.25444662E-01      0.00000000E+00      0.25444662E-01
  *N                   0.11229160E-01      0.00000000E+00      0.11229160E-01
  *C                   0.31121150E-01      0.00000000E+00      0.31121150E-01
  *H                   0.61343340E-01      0.00000000E+00      0.61343340E-01

 POINT ITN      T            O           N           C           H 

   1   21    1469.621     -35.228     -12.990       0.984      -8.634

 ADD  C(gr)          
   1    5    1368.393     -32.775     -12.902      -2.023      -8.388

 Pinf/Pt = 1.796980
   2    4    1245.933     -34.228     -13.052      -1.862      -8.556

 Pinf/Pt = 1.773334
   2    2    1248.330     -34.195     -13.048      -1.865      -8.552

 Pinf/Pt = 1.773834
   2    2    1248.279     -34.196     -13.048      -1.865      -8.552

   3    5     987.026     -39.127     -13.782      -1.504      -9.332

   3    3     995.050     -38.920     -13.746      -1.515      -9.295

   3    2     995.091     -38.919     -13.746      -1.515      -9.295






              THEORETICAL ROCKET PERFORMANCE ASSUMING EQUILIBRIUM

           COMPOSITION DURING EXPANSION FROM INFINITE AREA COMBUSTOR

 Pin =   145.0 PSIA
 CASE = Pc_01.00__of_01

             REACTANT                    WT FRACTION      ENERGY      TEMP
                                          (SEE NOTE)     KJ/KG-MOL      K  
 NAME        O2                           0.3600000      -532.466    280.000
 NAME        N2O                          0.0900000     80906.504    280.000
 NAME        PMMA                         0.0450000   -468500.000    280.000
 NAME        PE                           0.4050000    -54200.000    280.000
 NAME        N2                           0.1000000        53.881    300.000

 O/F=    0.00000  %FUEL=  0.000000  R,EQ.RATIO= 3.651609  PHI,EQ.RATIO= 0.000000

                 CHAMBER   THROAT     EXIT
 Pinf/P            1.0000   1.7738   14.153
 P, BAR            10.000   5.6375  0.70656
 T, K             1368.39  1248.28   995.09
 RHO, KG/CU M    1.4598 0 9.1416-1 1.5316-1
 H, KJ/KG         -833.42 -1205.70 -2306.98
 U, KJ/KG        -1518.44 -1822.38 -2768.30
 G, KJ/KG        -17707.7 -16598.8 -14577.9
 S, KJ/(KG)(K)    12.3315  12.3315  12.3315

 M, (1/n)          16.609   16.830   17.935
 MW, MOL WT        15.158   15.214   15.238
 (dLV/dLP)t      -1.02308 -1.03412 -1.07006
 (dLV/dLT)p        1.2422   1.4158   2.1817
 Cp, KJ/(KG)(K)    3.5480   4.8106  11.7772
 GAMMAs            1.2417   1.2073   1.1329
 SON VEL,M/SEC      922.3    862.9    722.9
 MACH NUMBER        0.000    1.000    2.375

 TRANSPORT PROPERTIES (GASES ONLY)
   CONDUCTIVITY IN UNITS OF MILLIWATTS/(CM)(K)

 VISC,MILLIPOISE  0.48770  0.45985  0.39967

  WITH EQUILIBRIUM REACTIONS

 Cp, KJ/(KG)(K)    3.5375   4.4169   7.3505
 CONDUCTIVITY      3.0519   3.3708   4.3646
 PRANDTL NUMBER    0.5653   0.6026   0.6731

  WITH FROZEN REACTIONS

 Cp, KJ/(KG)(K)    2.2072   2.1780   2.1300
 CONDUCTIVITY      2.1999   2.0324   1.7179
 PRANDTL NUMBER    0.4893   0.4928   0.4955

 PERFORMANCE PARAMETERS

 Ae/At                      1.0000   3.0000
 CSTAR, M/SEC               1267.7   1267.7
 CF                         0.6806   1.3542
 Ivac, M/SEC                1577.6   1985.4
 Isp, M/SEC                  862.9   1716.7


 MOLE FRACTIONS

 CH4              0.01080  0.01271  0.01355
 *CO              0.36994  0.35690  0.27173
 *CO2             0.00358  0.00782  0.03855
 HCN              0.00009  0.00003  0.00000
 *H2              0.43456  0.42650  0.40132
 H2O              0.00859  0.01458  0.03889
 NH3              0.00009  0.00008  0.00004
 *N2              0.08502  0.08537  0.08553
 C(gr)            0.08733  0.09601  0.15038

  * THERMODYNAMIC PROPERTIES FITTED TO 20000.K

    PRODUCTS WHICH WERE CONSIDERED BUT WHOSE MOLE FRACTIONS
    WERE LESS THAN 5.000000E-06 FOR ALL ASSIGNED CONDITIONS

 *C              *CH             CH2             CH3             CH2OH          
 CH3O            CH3OH           CH3OOH          *CN             CNN            
 COOH            *C2             C2H             C2H2,acetylene  C2H2,vinylidene
 CH2CO,ketene    O(CH)2O         HO(CO)2OH       C2H3,vinyl      CH3CN          
 CH3CO,acetyl    C2H4            C2H4O,ethylen-o CH3CHO,ethanal  CH3COOH        
 OHCH2COOH       C2H5            C2H6            CH3N2CH3        C2H5OH         
 CH3OCH3         CH3O2CH3        CCN             CNC             OCCN           
 C2N2            C2O             *C3             C3H3,1-propynl  C3H3,2-propynl 
 C3H4,allene     C3H4,propyne    C3H4,cyclo-     C3H5,allyl      C3H6,propylene 
 C3H6,cyclo-     C3H6O,propylox  C3H6O,acetone   C3H6O,propanal  C3H7,n-propyl  
 C3H7,i-propyl   C3H8            C3H8O,1propanol C3H8O,2propanol CNCOCN         
 C3O2            *C4             C4H2,butadiyne  C4H4,1,3-cyclo- C4H6,butadiene 
 C4H6,1butyne    C4H6,2butyne    C4H6,cyclo-     C4H8,1-butene   C4H8,cis2-buten
 C4H8,tr2-butene C4H8,isobutene  C4H8,cyclo-     (CH3COOH)2      C4H9,n-butyl   
 C4H9,i-butyl    C4H9,s-butyl    C4H9,t-butyl    C4H10,n-butane  C4H10,isobutane
 C4N2            *C5             C5H6,1,3cyclo-  C5H8,cyclo-     C5H10,1-pentene
 C5H10,cyclo-    C5H11,pentyl    C5H11,t-pentyl  C5H12,n-pentane C5H12,i-pentane
 CH3C(CH3)2CH3   C6H2            C6H5,phenyl     C6H5O,phenoxy   C6H6           
 C6H5OH,phenol   C6H10,cyclo-    C6H12,1-hexene  C6H12,cyclo-    C6H13,n-hexyl  
 C6H14,n-hexane  C7H7,benzyl     C7H8            C7H8O,cresol-mx C7H14,1-heptene
 C7H15,n-heptyl  C7H16,n-heptane C7H16,2-methylh C8H8,styrene    C8H10,ethylbenz
 C8H16,1-octene  C8H17,n-octyl   C8H18,n-octane  C8H18,isooctane C9H19,n-nonyl  
 C10H8,naphthale C10H21,n-decyl  C12H9,o-bipheny C12H10,biphenyl *H             
 HCO             HCCN            HCCO            HNC             HNCO           
 HNO             HNO2            HNO3            HO2             HCHO,formaldehy
 HCOOH           H2O2            (HCOOH)2        *N              NCO            
 *NH             NH2             NH2OH           *NO             NO2            
 NO3             NCN             N2H2            NH2NO2          N2H4           
 N2O             N2O3            N2O4            N2O5            N3             
 N3H             *O              *OH             *O2             O3             
 H2O(cr)         H2O(L)         

 NOTE. WEIGHT FRACTION OF FUEL IN TOTAL FUELS AND OF OXIDANT IN TOTAL OXIDANTS



